  pch.cpp
  ColorLuminosityConverter.cpp
  FacebookAccessTokenData.cpp
  FacebookAppRequest.cpp
  FacebookClient.cpp
  FacebookDialog.xaml.cpp
  FacebookError.cpp
  FacebookFeedRequest.cpp
  FacebookLoginButton.cpp
  FacebookMediaObject.cpp
  FacebookMediaStream.cpp
  FacebookPaginatedArray.cpp
  FacebookPermissions.cpp
  FacebookSendRequest.cpp
  FBAppRequest.cpp
  FBCursors.cpp
  FBGroup.cpp
  FBPage.cpp
  FacebookProfilePictureControl.xaml.cpp
  FacebookResult.cpp
  FacebookSession.cpp
  FBPaging.cpp
c:\users\nikola\source\repos\artgramrepo\winsdkfb\winsdkfb\winsdkfb.shared\facebooksession.cpp(1513): warning C4307: '*': integral constant overflow
  FBPermission.cpp
  FBSingleValue.cpp
  FBProfilePicture.cpp
  FBProfilePictureData.cpp
  FBUser.cpp
  HlsColor.cpp
  ScaleConverter.cpp
  XamlTypeInfo.Impl.g.cpp
  XamlLibMetadataProvider.g.cpp
  XamlTypeInfo.g.cpp
  LINK : C:\Users\Nikola\Source\Repos\ArtgramRepo\x64\Debug\winsdkfb_uwp\winsdkfb.dll not found or not built by the last incremental link; performing full link
     Creating library C:\Users\Nikola\Source\Repos\ArtgramRepo\x64\Debug\winsdkfb_uwp\winsdkfb.lib and object C:\Users\Nikola\Source\Repos\ArtgramRepo\x64\Debug\winsdkfb_uwp\winsdkfb.exp
  winsdkfb_uwp.vcxproj -> C:\Users\Nikola\Source\Repos\ArtgramRepo\x64\Debug\winsdkfb_uwp\winsdkfb.dll
  winsdkfb_uwp.vcxproj -> C:\Users\Nikola\Source\Repos\ArtgramRepo\x64\Debug\winsdkfb_uwp\winsdkfb.pdb (Partial PDB)
