c:\users\mateusz\documents\github\artgramrepo\winsdkfb\winsdkfb_uwp\winsdkfb_uwp\x64\debug\pch.pch
c:\users\mateusz\documents\github\artgramrepo\winsdkfb\winsdkfb_uwp\winsdkfb_uwp\x64\debug\vc140.pdb
c:\users\mateusz\documents\github\artgramrepo\winsdkfb\winsdkfb_uwp\winsdkfb_uwp\x64\debug\vc140.idb
c:\users\mateusz\documents\github\artgramrepo\winsdkfb\winsdkfb_uwp\winsdkfb_uwp\x64\debug\pch.obj
c:\users\mateusz\documents\github\artgramrepo\winsdkfb\winsdkfb_uwp\winsdkfb_uwp\x64\debug\facebooksession.obj
c:\users\mateusz\documents\github\artgramrepo\winsdkfb\winsdkfb_uwp\winsdkfb_uwp\x64\debug\facebookresult.obj
c:\users\mateusz\documents\github\artgramrepo\winsdkfb\winsdkfb_uwp\winsdkfb_uwp\x64\debug\facebookprofilepicturecontrol.xaml.obj
c:\users\mateusz\documents\github\artgramrepo\winsdkfb\winsdkfb_uwp\winsdkfb_uwp\x64\debug\fbpage.obj
c:\users\mateusz\documents\github\artgramrepo\winsdkfb\winsdkfb_uwp\winsdkfb_uwp\x64\debug\fbgroup.obj
c:\users\mateusz\documents\github\artgramrepo\winsdkfb\winsdkfb_uwp\winsdkfb_uwp\x64\debug\fbcursors.obj
c:\users\mateusz\documents\github\artgramrepo\winsdkfb\winsdkfb_uwp\winsdkfb_uwp\x64\debug\fbapprequest.obj
c:\users\mateusz\documents\github\artgramrepo\winsdkfb\winsdkfb_uwp\winsdkfb_uwp\x64\debug\facebooksendrequest.obj
c:\users\mateusz\documents\github\artgramrepo\winsdkfb\winsdkfb_uwp\winsdkfb_uwp\x64\debug\facebookpermissions.obj
c:\users\mateusz\documents\github\artgramrepo\winsdkfb\winsdkfb_uwp\winsdkfb_uwp\x64\debug\facebookpaginatedarray.obj
c:\users\mateusz\documents\github\artgramrepo\winsdkfb\winsdkfb_uwp\winsdkfb_uwp\x64\debug\facebookmediastream.obj
c:\users\mateusz\documents\github\artgramrepo\winsdkfb\winsdkfb_uwp\winsdkfb_uwp\x64\debug\facebookmediaobject.obj
c:\users\mateusz\documents\github\artgramrepo\winsdkfb\winsdkfb_uwp\winsdkfb_uwp\x64\debug\facebookloginbutton.obj
c:\users\mateusz\documents\github\artgramrepo\winsdkfb\winsdkfb_uwp\winsdkfb_uwp\x64\debug\facebookfeedrequest.obj
c:\users\mateusz\documents\github\artgramrepo\winsdkfb\winsdkfb_uwp\winsdkfb_uwp\x64\debug\facebookerror.obj
c:\users\mateusz\documents\github\artgramrepo\winsdkfb\winsdkfb_uwp\winsdkfb_uwp\x64\debug\facebookdialog.xaml.obj
c:\users\mateusz\documents\github\artgramrepo\winsdkfb\winsdkfb_uwp\winsdkfb_uwp\x64\debug\facebookclient.obj
c:\users\mateusz\documents\github\artgramrepo\winsdkfb\winsdkfb_uwp\winsdkfb_uwp\x64\debug\facebookapprequest.obj
c:\users\mateusz\documents\github\artgramrepo\winsdkfb\winsdkfb_uwp\winsdkfb_uwp\x64\debug\facebookaccesstokendata.obj
c:\users\mateusz\documents\github\artgramrepo\winsdkfb\winsdkfb_uwp\winsdkfb_uwp\x64\debug\colorluminosityconverter.obj
c:\users\mateusz\documents\github\artgramrepo\winsdkfb\winsdkfb_uwp\winsdkfb_uwp\x64\debug\xamllibmetadataprovider.g.obj
c:\users\mateusz\documents\github\artgramrepo\winsdkfb\winsdkfb_uwp\winsdkfb_uwp\x64\debug\xamltypeinfo.impl.g.obj
c:\users\mateusz\documents\github\artgramrepo\winsdkfb\winsdkfb_uwp\winsdkfb_uwp\x64\debug\scaleconverter.obj
c:\users\mateusz\documents\github\artgramrepo\winsdkfb\winsdkfb_uwp\winsdkfb_uwp\x64\debug\hlscolor.obj
c:\users\mateusz\documents\github\artgramrepo\winsdkfb\winsdkfb_uwp\winsdkfb_uwp\x64\debug\fbuser.obj
c:\users\mateusz\documents\github\artgramrepo\winsdkfb\winsdkfb_uwp\winsdkfb_uwp\x64\debug\fbprofilepicturedata.obj
c:\users\mateusz\documents\github\artgramrepo\winsdkfb\winsdkfb_uwp\winsdkfb_uwp\x64\debug\fbprofilepicture.obj
c:\users\mateusz\documents\github\artgramrepo\winsdkfb\winsdkfb_uwp\winsdkfb_uwp\x64\debug\fbsinglevalue.obj
c:\users\mateusz\documents\github\artgramrepo\winsdkfb\winsdkfb_uwp\winsdkfb_uwp\x64\debug\fbpermission.obj
c:\users\mateusz\documents\github\artgramrepo\winsdkfb\winsdkfb_uwp\winsdkfb_uwp\x64\debug\fbpaging.obj
c:\users\mateusz\documents\github\artgramrepo\winsdkfb\winsdkfb_uwp\winsdkfb_uwp\x64\debug\xamltypeinfo.g.obj
c:\users\mateusz\documents\github\artgramrepo\winsdkfb\winsdkfb_uwp\winsdkfb_uwp\x64\debug\winsdkfb.tlog\winsdkfb.winmd.lastbuild
c:\users\mateusz\documents\github\artgramrepo\x64\debug\winsdkfb_uwp\winsdkfb.ilk
c:\users\mateusz\documents\github\artgramrepo\x64\debug\winsdkfb_uwp\winsdkfb.dll
c:\users\mateusz\documents\github\artgramrepo\x64\debug\winsdkfb_uwp\winsdkfb.pdb
c:\users\mateusz\documents\github\artgramrepo\x64\debug\winsdkfb_uwp\winsdkfb.winmd
c:\users\mateusz\documents\github\artgramrepo\x64\debug\winsdkfb_uwp\winsdkfb.lib
c:\users\mateusz\documents\github\artgramrepo\x64\debug\winsdkfb_uwp\winsdkfb.exp
c:\users\mateusz\documents\github\artgramrepo\winsdkfb\winsdkfb_uwp\winsdkfb_uwp\x64\debug\winsdkfb_uwp.vcxprojresolveassemblyreference.cache
c:\users\mateusz\documents\github\artgramrepo\winsdkfb\winsdkfb_uwp\winsdkfb_uwp\generated files\facebookdialog.g.h
c:\users\mateusz\documents\github\artgramrepo\winsdkfb\winsdkfb_uwp\winsdkfb_uwp\generated files\facebookprofilepicturecontrol.g.h
c:\users\mateusz\documents\github\artgramrepo\winsdkfb\winsdkfb_uwp\winsdkfb_uwp\generated files\controls\facebookloginbutton.xaml
c:\users\mateusz\documents\github\artgramrepo\winsdkfb\winsdkfb_uwp\winsdkfb_uwp\generated files\facebookdialog.xaml
c:\users\mateusz\documents\github\artgramrepo\winsdkfb\winsdkfb_uwp\winsdkfb_uwp\generated files\facebookprofilepicturecontrol.xaml
c:\users\mateusz\documents\github\artgramrepo\winsdkfb\winsdkfb_uwp\winsdkfb_uwp\generated files\themes\generic.xaml
c:\users\mateusz\documents\github\artgramrepo\winsdkfb\winsdkfb_uwp\winsdkfb_uwp\generated files\themes\styles.xaml
c:\users\mateusz\documents\github\artgramrepo\winsdkfb\winsdkfb_uwp\winsdkfb_uwp\generated files\controls\facebookloginbutton.xbf
c:\users\mateusz\documents\github\artgramrepo\winsdkfb\winsdkfb_uwp\winsdkfb_uwp\generated files\facebookdialog.xbf
c:\users\mateusz\documents\github\artgramrepo\winsdkfb\winsdkfb_uwp\winsdkfb_uwp\generated files\facebookprofilepicturecontrol.xbf
c:\users\mateusz\documents\github\artgramrepo\winsdkfb\winsdkfb_uwp\winsdkfb_uwp\generated files\themes\generic.xbf
c:\users\mateusz\documents\github\artgramrepo\winsdkfb\winsdkfb_uwp\winsdkfb_uwp\generated files\themes\styles.xbf
c:\users\mateusz\documents\github\artgramrepo\winsdkfb\winsdkfb_uwp\winsdkfb_uwp\x64\debug\xamlsavestatefile.xml
c:\users\mateusz\documents\github\artgramrepo\winsdkfb\winsdkfb_uwp\winsdkfb_uwp\generated files\xamltypeinfo.g.cpp
c:\users\mateusz\documents\github\artgramrepo\x64\debug\winsdkfb_uwp\controls\facebookloginbutton.xbf
c:\users\mateusz\documents\github\artgramrepo\x64\debug\winsdkfb_uwp\facebookdialog.xbf
c:\users\mateusz\documents\github\artgramrepo\x64\debug\winsdkfb_uwp\facebookprofilepicturecontrol.xbf
c:\users\mateusz\documents\github\artgramrepo\x64\debug\winsdkfb_uwp\themes\generic.xbf
c:\users\mateusz\documents\github\artgramrepo\x64\debug\winsdkfb_uwp\themes\styles.xbf
c:\users\mateusz\documents\github\artgramrepo\winsdkfb\winsdkfb_uwp\winsdkfb_uwp\x64\debug\priconfig.xml
c:\users\mateusz\documents\github\artgramrepo\winsdkfb\winsdkfb_uwp\winsdkfb_uwp\x64\debug\priconfig.xml.intermediate
c:\users\mateusz\documents\github\artgramrepo\winsdkfb\winsdkfb_uwp\winsdkfb_uwp\x64\debug\layout.resfiles
c:\users\mateusz\documents\github\artgramrepo\winsdkfb\winsdkfb_uwp\winsdkfb_uwp\x64\debug\layout.resfiles.intermediate
c:\users\mateusz\documents\github\artgramrepo\winsdkfb\winsdkfb_uwp\winsdkfb_uwp\x64\debug\resources.resfiles
c:\users\mateusz\documents\github\artgramrepo\winsdkfb\winsdkfb_uwp\winsdkfb_uwp\x64\debug\resources.resfiles.intermediate
c:\users\mateusz\documents\github\artgramrepo\winsdkfb\winsdkfb_uwp\winsdkfb_uwp\x64\debug\pri.resfiles
c:\users\mateusz\documents\github\artgramrepo\winsdkfb\winsdkfb_uwp\winsdkfb_uwp\x64\debug\pri.resfiles.intermediate
c:\users\mateusz\documents\github\artgramrepo\x64\debug\winsdkfb_uwp\winsdkfb.pri
c:\users\mateusz\documents\github\artgramrepo\winsdkfb\winsdkfb_uwp\winsdkfb_uwp\x64\debug\qualifiers.txt
c:\users\mateusz\documents\github\artgramrepo\winsdkfb\winsdkfb_uwp\winsdkfb_uwp\x64\debug\qualifiers.txt.intermediate
c:\users\mateusz\documents\github\artgramrepo\winsdkfb\winsdkfb_uwp\winsdkfb_uwp\x64\debug\multiplequalifiersperdimensionfound.txt
c:\users\urbak\documents\github\artgramrepo\winsdkfb\winsdkfb_uwp\winsdkfb_uwp\x64\debug\winsdkfb_uwp.vcxprojresolveassemblyreference.cache
c:\users\urbak\documents\github\artgramrepo\winsdkfb\winsdkfb_uwp\winsdkfb_uwp\x64\debug\colorluminosityconverter.obj
c:\users\urbak\documents\github\artgramrepo\winsdkfb\winsdkfb_uwp\winsdkfb_uwp\x64\debug\facebookaccesstokendata.obj
c:\users\urbak\documents\github\artgramrepo\winsdkfb\winsdkfb_uwp\winsdkfb_uwp\x64\debug\facebookapprequest.obj
c:\users\urbak\documents\github\artgramrepo\winsdkfb\winsdkfb_uwp\winsdkfb_uwp\x64\debug\facebookclient.obj
c:\users\urbak\documents\github\artgramrepo\winsdkfb\winsdkfb_uwp\winsdkfb_uwp\x64\debug\facebookdialog.xaml.obj
c:\users\urbak\documents\github\artgramrepo\winsdkfb\winsdkfb_uwp\winsdkfb_uwp\x64\debug\facebookerror.obj
c:\users\urbak\documents\github\artgramrepo\winsdkfb\winsdkfb_uwp\winsdkfb_uwp\x64\debug\facebookfeedrequest.obj
c:\users\urbak\documents\github\artgramrepo\winsdkfb\winsdkfb_uwp\winsdkfb_uwp\x64\debug\facebookloginbutton.obj
c:\users\urbak\documents\github\artgramrepo\winsdkfb\winsdkfb_uwp\winsdkfb_uwp\x64\debug\facebookmediaobject.obj
c:\users\urbak\documents\github\artgramrepo\winsdkfb\winsdkfb_uwp\winsdkfb_uwp\x64\debug\facebookmediastream.obj
c:\users\urbak\documents\github\artgramrepo\winsdkfb\winsdkfb_uwp\winsdkfb_uwp\x64\debug\facebookpaginatedarray.obj
c:\users\urbak\documents\github\artgramrepo\winsdkfb\winsdkfb_uwp\winsdkfb_uwp\x64\debug\facebookpermissions.obj
c:\users\urbak\documents\github\artgramrepo\winsdkfb\winsdkfb_uwp\winsdkfb_uwp\x64\debug\facebookprofilepicturecontrol.xaml.obj
c:\users\urbak\documents\github\artgramrepo\winsdkfb\winsdkfb_uwp\winsdkfb_uwp\x64\debug\facebookresult.obj
c:\users\urbak\documents\github\artgramrepo\winsdkfb\winsdkfb_uwp\winsdkfb_uwp\x64\debug\facebooksendrequest.obj
c:\users\urbak\documents\github\artgramrepo\winsdkfb\winsdkfb_uwp\winsdkfb_uwp\x64\debug\facebooksession.obj
c:\users\urbak\documents\github\artgramrepo\winsdkfb\winsdkfb_uwp\winsdkfb_uwp\x64\debug\fbapprequest.obj
c:\users\urbak\documents\github\artgramrepo\winsdkfb\winsdkfb_uwp\winsdkfb_uwp\x64\debug\fbcursors.obj
c:\users\urbak\documents\github\artgramrepo\winsdkfb\winsdkfb_uwp\winsdkfb_uwp\x64\debug\fbgroup.obj
c:\users\urbak\documents\github\artgramrepo\winsdkfb\winsdkfb_uwp\winsdkfb_uwp\x64\debug\fbpage.obj
c:\users\urbak\documents\github\artgramrepo\winsdkfb\winsdkfb_uwp\winsdkfb_uwp\x64\debug\fbpaging.obj
c:\users\urbak\documents\github\artgramrepo\winsdkfb\winsdkfb_uwp\winsdkfb_uwp\x64\debug\fbpermission.obj
c:\users\urbak\documents\github\artgramrepo\winsdkfb\winsdkfb_uwp\winsdkfb_uwp\x64\debug\fbprofilepicture.obj
c:\users\urbak\documents\github\artgramrepo\winsdkfb\winsdkfb_uwp\winsdkfb_uwp\x64\debug\fbprofilepicturedata.obj
c:\users\urbak\documents\github\artgramrepo\winsdkfb\winsdkfb_uwp\winsdkfb_uwp\x64\debug\fbsinglevalue.obj
c:\users\urbak\documents\github\artgramrepo\winsdkfb\winsdkfb_uwp\winsdkfb_uwp\x64\debug\fbuser.obj
c:\users\urbak\documents\github\artgramrepo\winsdkfb\winsdkfb_uwp\winsdkfb_uwp\x64\debug\hlscolor.obj
c:\users\urbak\documents\github\artgramrepo\winsdkfb\winsdkfb_uwp\winsdkfb_uwp\x64\debug\pch.obj
c:\users\urbak\documents\github\artgramrepo\winsdkfb\winsdkfb_uwp\winsdkfb_uwp\x64\debug\scaleconverter.obj
c:\users\urbak\documents\github\artgramrepo\winsdkfb\winsdkfb_uwp\winsdkfb_uwp\x64\debug\xamllibmetadataprovider.g.obj
c:\users\urbak\documents\github\artgramrepo\winsdkfb\winsdkfb_uwp\winsdkfb_uwp\x64\debug\xamltypeinfo.g.obj
c:\users\urbak\documents\github\artgramrepo\winsdkfb\winsdkfb_uwp\winsdkfb_uwp\x64\debug\xamltypeinfo.impl.g.obj
c:\users\urbak\documents\github\artgramrepo\winsdkfb\winsdkfb_uwp\winsdkfb_uwp\x64\debug\embed.resfiles
c:\users\urbak\documents\github\artgramrepo\winsdkfb\winsdkfb_uwp\winsdkfb_uwp\x64\debug\layout.resfiles
c:\users\urbak\documents\github\artgramrepo\winsdkfb\winsdkfb_uwp\winsdkfb_uwp\x64\debug\pri.resfiles
c:\users\urbak\documents\github\artgramrepo\winsdkfb\winsdkfb_uwp\winsdkfb_uwp\x64\debug\resources.resfiles
c:\users\urbak\documents\github\artgramrepo\winsdkfb\winsdkfb_uwp\winsdkfb_uwp\x64\debug\pch.pch
c:\users\urbak\documents\github\artgramrepo\winsdkfb\winsdkfb_uwp\winsdkfb_uwp\x64\debug\vc140.idb
c:\users\urbak\documents\github\artgramrepo\winsdkfb\winsdkfb_uwp\winsdkfb_uwp\x64\debug\vc140.pdb
c:\users\urbak\documents\github\artgramrepo\winsdkfb\winsdkfb_uwp\winsdkfb_uwp\x64\debug\priconfig.xml
c:\users\urbak\documents\github\artgramrepo\winsdkfb\winsdkfb_uwp\winsdkfb_uwp\x64\debug\xamlsavestatefile.xml
c:\users\urbak\documents\github\artgramrepo\x64\debug\winsdkfb_uwp\winsdkfb.pdb
c:\users\urbak\documents\github\artgramrepo\x64\debug\winsdkfb_uwp\winsdkfb.dll
c:\users\urbak\documents\github\artgramrepo\x64\debug\winsdkfb_uwp\winsdkfb.ilk
c:\users\urbak\documents\github\artgramrepo\winsdkfb\winsdkfb_uwp\winsdkfb_uwp\x64\debug\winsdkfb.tlog\cl.command.1.tlog
c:\users\urbak\documents\github\artgramrepo\winsdkfb\winsdkfb_uwp\winsdkfb_uwp\x64\debug\winsdkfb.tlog\cl.read.1.tlog
c:\users\urbak\documents\github\artgramrepo\winsdkfb\winsdkfb_uwp\winsdkfb_uwp\x64\debug\winsdkfb.tlog\cl.write.1.tlog
c:\users\urbak\documents\github\artgramrepo\winsdkfb\winsdkfb_uwp\winsdkfb_uwp\x64\debug\winsdkfb.tlog\link.command.1.tlog
c:\users\urbak\documents\github\artgramrepo\winsdkfb\winsdkfb_uwp\winsdkfb_uwp\x64\debug\winsdkfb.tlog\link.read.1.tlog
c:\users\urbak\documents\github\artgramrepo\winsdkfb\winsdkfb_uwp\winsdkfb_uwp\x64\debug\winsdkfb.tlog\link.write.1.tlog
c:\users\urbak\documents\github\artgramrepo\winsdkfb\winsdkfb_uwp\winsdkfb_uwp\x64\debug\winsdkfb.tlog\winsdkfb.read.1u.tlog
c:\users\urbak\documents\github\artgramrepo\winsdkfb\winsdkfb_uwp\winsdkfb_uwp\x64\debug\winsdkfb.tlog\winsdkfb.write.1u.tlog
c:\users\urbak\documents\github\artgramrepo\winsdkfb\winsdkfb_uwp\winsdkfb_uwp\generated files\facebookdialog.g.h
c:\users\urbak\documents\github\artgramrepo\winsdkfb\winsdkfb_uwp\winsdkfb_uwp\generated files\facebookprofilepicturecontrol.g.h
c:\users\urbak\documents\github\artgramrepo\winsdkfb\winsdkfb_uwp\winsdkfb_uwp\generated files\xamlbindinginfo.g.h
c:\users\urbak\documents\github\artgramrepo\winsdkfb\winsdkfb_uwp\winsdkfb_uwp\generated files\xamltypeinfo.g.h
c:\users\urbak\documents\github\artgramrepo\winsdkfb\winsdkfb_uwp\winsdkfb_uwp\generated files\xamllibmetadataprovider.g.cpp
c:\users\urbak\documents\github\artgramrepo\winsdkfb\winsdkfb_uwp\winsdkfb_uwp\generated files\xamltypeinfo.g.cpp
c:\users\urbak\documents\github\artgramrepo\winsdkfb\winsdkfb_uwp\winsdkfb_uwp\generated files\xamltypeinfo.impl.g.cpp
